22:31:29: Creating resource group General
22:31:29: Creating resource group OgreInternal
22:31:29: Creating resource group OgreAutodetect
22:31:29: SceneManagerFactory for type 'DefaultSceneManager' registered.
22:31:29: Registering ResourceManager for type Material
22:31:29: Registering ResourceManager for type Mesh
22:31:29: Registering ResourceManager for type Skeleton
22:31:29: MovableObjectFactory for type 'ParticleSystem' registered.
22:31:29: ArchiveFactory for archive type FileSystem registered.
22:31:29: DDS codec registering
22:31:29: ETC codec registering
22:31:29: ASTC codec registering
22:31:29: Registering ResourceManager for type HighLevelGpuProgram
22:31:29: Registering ResourceManager for type Compositor
22:31:29: MovableObjectFactory for type 'Entity' registered.
22:31:29: MovableObjectFactory for type 'Light' registered.
22:31:29: MovableObjectFactory for type 'BillboardSet' registered.
22:31:29: MovableObjectFactory for type 'ManualObject' registered.
22:31:29: MovableObjectFactory for type 'BillboardChain' registered.
22:31:29: MovableObjectFactory for type 'RibbonTrail' registered.
22:31:29: *-*-* OGRE Initialising
22:31:29: *-*-* Version 1.12.10 (Rhagorthua)
22:31:29: OverlayElementFactory for type Panel registered.
22:31:29: OverlayElementFactory for type BorderPanel registered.
22:31:29: OverlayElementFactory for type TextArea registered.
22:31:29: Registering ResourceManager for type Font
22:31:29: Loading library /opt/ros/jazzy/opt/rviz_ogre_vendor/lib/OGRE/RenderSystem_GL.so.1.12.10
22:31:29: Installing plugin: GL RenderSystem
22:31:29: OpenGL Rendering Subsystem created.
22:31:29: Plugin successfully installed
22:31:29: Loading library /opt/ros/jazzy/opt/rviz_ogre_vendor/lib/OGRE/Codec_STBI.so.1.12.10
22:31:29: stb_image - v2.23 - public domain image loader
22:31:29: Supported formats: jpeg,jpg,png,bmp,psd,tga,gif,pic,ppm,pgm,hdr
22:31:29: CPU Identifier & Features
22:31:29: -------------------------
22:31:29:  *   CPU ID: GenuineIntel: Intel(R) Xeon(R) W-2225 CPU @ 4.10GHz
22:31:29:  *          SSE: yes
22:31:29:  *         SSE2: yes
22:31:29:  *         SSE3: yes
22:31:29:  *        SSE41: yes
22:31:29:  *        SSE42: yes
22:31:29:  *          MMX: yes
22:31:29:  *       MMXEXT: yes
22:31:29:  *        3DNOW: no
22:31:29:  *     3DNOWEXT: no
22:31:29:  *         CMOV: yes
22:31:29:  *          TSC: yes
22:31:29:  *INVARIANT TSC: yes
22:31:29:  *          FPU: yes
22:31:29:  *          PRO: yes
22:31:29:  *           HT: no
22:31:29: -------------------------
22:31:29: ******************************
*** Starting GLX Subsystem ***
******************************
22:31:29: GLX_VERSION = 1.4
22:31:29: GLX_EXTENSIONS = GLX_ARB_context_flush_control GLX_ARB_create_context GLX_ARB_create_context_no_error GLX_ARB_create_context_profile GLX_ARB_create_context_robustness GLX_ARB_fbconfig_float GLX_ARB_framebuffer_sRGB GLX_ARB_get_proc_address GLX_ARB_multisample GLX_EXT_buffer_age GLX_EXT_create_context_es2_profile GLX_EXT_create_context_es_profile GLX_EXT_fbconfig_packed_float GLX_EXT_framebuffer_sRGB GLX_EXT_import_context GLX_EXT_no_config_context GLX_EXT_swap_control GLX_EXT_swap_control_tear GLX_EXT_texture_from_pixmap GLX_EXT_visual_info GLX_EXT_visual_rating GLX_ATI_pixel_format_float GLX_INTEL_swap_event GLX_MESA_copy_sub_buffer GLX_MESA_gl_interop GLX_MESA_query_renderer GLX_MESA_swap_control GLX_NV_float_buffer GLX_OML_sync_control GLX_SGIS_multisample GLX_SGIX_fbconfig GLX_SGIX_pbuffer GLX_SGIX_visual_select_group GLX_SGI_make_current_read GLX_SGI_swap_control GLX_SGI_video_sync 
22:31:29: Registering ResourceManager for type Texture
22:31:29: RenderSystem::_createRenderWindow "OgreWindow(0)", 1x1 windowed  miscParams: FSAA=4 border=none contentScalingFactor=1.000000 currentGLContext=false externalWindowHandle=20971521 left=0 parentWindowHandle=20971521 top=0 
22:31:29: GLXWindow::create colourBufferSize=32 gamma=0 FSAA=4
22:31:29: GLXWindow::create used FBConfigID = 285
22:31:29: GL_VERSION = 4.5.0.0
22:31:29: GL_VENDOR = Mesa
22:31:29: GL_RENDERER = llvmpipe (LLVM 19.1.1, 256 bits)
22:31:29: GL_EXTENSIONS = GL_ARB_multisample GL_EXT_abgr GL_EXT_bgra GL_EXT_blend_color GL_EXT_blend_minmax GL_EXT_blend_subtract GL_EXT_copy_texture GL_EXT_subtexture GL_EXT_texture_object GL_EXT_vertex_array GL_EXT_compiled_vertex_array GL_EXT_texture GL_EXT_texture3D GL_IBM_rasterpos_clip GL_ARB_point_parameters GL_EXT_draw_range_elements GL_EXT_packed_pixels GL_EXT_point_parameters GL_EXT_rescale_normal GL_EXT_separate_specular_color GL_EXT_texture_edge_clamp GL_SGIS_generate_mipmap GL_SGIS_texture_border_clamp GL_SGIS_texture_edge_clamp GL_SGIS_texture_lod GL_ARB_framebuffer_sRGB GL_ARB_multitexture GL_EXT_framebuffer_sRGB GL_IBM_multimode_draw_arrays GL_IBM_texture_mirrored_repeat GL_3DFX_texture_compression_FXT1 GL_ARB_texture_cube_map GL_ARB_texture_env_add GL_ARB_transpose_matrix GL_EXT_blend_func_separate GL_EXT_fog_coord GL_EXT_multi_draw_arrays GL_EXT_secondary_color GL_EXT_texture_env_add GL_EXT_texture_filter_anisotropic GL_EXT_texture_lod_bias GL_INGR_blend_func_separate GL_NV_blend_square GL_NV_light_max_exponent GL_NV_texgen_reflection GL_NV_texture_env_combine4 GL_S3_s3tc GL_SUN_multi_draw_arrays GL_ARB_texture_border_clamp GL_ARB_texture_compression GL_EXT_framebuffer_object GL_EXT_texture_compression_s3tc GL_EXT_texture_env_combine GL_EXT_texture_env_dot3 GL_MESA_window_pos GL_NV_packed_depth_stencil GL_NV_texture_rectangle GL_ARB_depth_texture GL_ARB_occlusion_query GL_ARB_shadow GL_ARB_texture_env_combine GL_ARB_texture_env_crossbar GL_ARB_texture_env_dot3 GL_ARB_texture_mirrored_repeat GL_ARB_window_pos GL_ATI_fragment_shader GL_EXT_stencil_two_side GL_EXT_texture_cube_map GL_NV_copy_depth_to_color GL_NV_depth_clamp GL_NV_fog_distance GL_NV_half_float GL_APPLE_packed_pixels GL_ARB_draw_buffers GL_ARB_fragment_program GL_ARB_fragment_shader GL_ARB_shader_objects GL_ARB_vertex_program GL_ARB_vertex_shader GL_ATI_draw_buffers GL_ATI_texture_env_combine3 GL_ATI_texture_float GL_EXT_shadow_funcs GL_EXT_stencil_wrap GL_MESA_pack_invert GL_MESA_ycbcr_texture GL_NV_primitive_restart GL_ARB_depth_clamp GL_ARB_fragment_program_shadow GL_ARB_half_float_pixel GL_ARB_occlusion_query2 GL_ARB_point_sprite GL_ARB_shading_language_100 GL_ARB_sync GL_ARB_texture_non_power_of_two GL_ARB_vertex_buffer_object GL_ATI_blend_equation_separate GL_EXT_blend_equation_separate GL_OES_read_format GL_ARB_color_buffer_float GL_ARB_pixel_buffer_object GL_ARB_texture_compression_rgtc GL_ARB_texture_float GL_ARB_texture_rectangle GL_ATI_texture_compression_3dc GL_EXT_packed_float GL_EXT_pixel_buffer_object GL_EXT_texture_compression_dxt1 GL_EXT_texture_compression_rgtc GL_EXT_texture_mirror_clamp GL_EXT_texture_rectangle GL_EXT_texture_sRGB GL_EXT_texture_shared_exponent GL_ARB_framebuffer_object GL_EXT_framebuffer_blit GL_EXT_framebuffer_multisample GL_EXT_packed_depth_stencil GL_ARB_vertex_array_object GL_ATI_separate_stencil GL_ATI_texture_mirror_once GL_EXT_draw_buffers2 GL_EXT_draw_instanced GL_EXT_gpu_program_parameters GL_EXT_gpu_shader4 GL_EXT_texture_array GL_EXT_texture_compression_latc GL_EXT_texture_integer GL_EXT_texture_sRGB_decode GL_EXT_timer_query GL_OES_EGL_image GL_EXT_texture_buffer_object GL_AMD_texture_texture4 GL_ARB_copy_buffer GL_ARB_depth_buffer_float GL_ARB_draw_instanced GL_ARB_half_float_vertex GL_ARB_instanced_arrays GL_ARB_map_buffer_range GL_ARB_texture_buffer_object GL_ARB_texture_rg GL_ARB_texture_swizzle GL_ARB_vertex_array_bgra GL_EXT_texture_swizzle GL_EXT_vertex_array_bgra GL_NV_conditional_render GL_AMD_conservative_depth GL_AMD_draw_buffers_blend GL_AMD_seamless_cubemap_per_texture GL_AMD_shader_stencil_export GL_ARB_ES2_compatibility GL_ARB_blend_func_extended GL_ARB_compatibility GL_ARB_debug_output GL_ARB_draw_buffers_blend GL_ARB_draw_elements_base_vertex GL_ARB_explicit_attrib_location GL_ARB_fragment_coord_conventions GL_ARB_provoking_vertex GL_ARB_sample_shading GL_ARB_sampler_objects GL_ARB_seamless_cube_map GL_ARB_shader_stencil_export GL_ARB_shader_texture_lod GL_ARB_tessellation_shader GL_ARB_texture_buffer_object_rgb32 GL_ARB_texture_cube_map_array GL_ARB_texture_gather GL_ARB_texture_multisample GL_ARB_texture_query_lod GL_ARB_texture_rgb10_a2ui GL_ARB_uniform_buffer_object GL_ARB_vertex_type_2_10_10_10_rev GL_ATI_meminfo GL_EXT_provoking_vertex GL_EXT_texture_snorm GL_EXT_texture_storage GL_MESA_texture_signed_rgba GL_NV_copy_image GL_NV_texture_barrier GL_ARB_draw_indirect GL_ARB_get_program_binary GL_ARB_gpu_shader5 GL_ARB_gpu_shader_fp64 GL_ARB_robustness GL_ARB_separate_shader_objects GL_ARB_shader_bit_encoding GL_ARB_shader_precision GL_ARB_shader_subroutine GL_ARB_texture_compression_bptc GL_ARB_timer_query GL_ARB_transform_feedback2 GL_ARB_transform_feedback3 GL_ARB_vertex_attrib_64bit GL_ARB_viewport_array GL_EXT_direct_state_access GL_EXT_vertex_attrib_64bit GL_AMD_multi_draw_indirect GL_ANGLE_texture_compression_dxt3 GL_ANGLE_texture_compression_dxt5 GL_ARB_base_instance GL_ARB_compressed_texture_pixel_storage GL_ARB_conservative_depth GL_ARB_internalformat_query GL_ARB_map_buffer_alignment GL_ARB_shader_atomic_counters GL_ARB_shader_image_load_store GL_ARB_shading_language_420pack GL_ARB_shading_language_packing GL_ARB_texture_storage GL_ARB_transform_feedback_instanced GL_EXT_framebuffer_multisample_blit_scaled GL_EXT_transform_feedback GL_AMD_query_buffer_object GL_AMD_shader_trinary_minmax GL_AMD_vertex_shader_layer GL_AMD_vertex_shader_viewport_index GL_ARB_ES3_compatibility GL_ARB_arrays_of_arrays GL_ARB_clear_buffer_object GL_ARB_compute_shader GL_ARB_copy_image GL_ARB_explicit_uniform_location GL_ARB_fragment_layer_viewport GL_ARB_framebuffer_no_attachments GL_ARB_invalidate_subdata GL_ARB_multi_draw_indirect GL_ARB_program_interface_query GL_ARB_robust_buffer_access_behavior GL_ARB_shader_image_size GL_ARB_shader_storage_buffer_object GL_ARB_stencil_texturing GL_ARB_texture_buffer_range GL_ARB_texture_query_levels GL_ARB_texture_storage_multisample GL_ARB_texture_view GL_ARB_vertex_attrib_binding GL_KHR_debug GL_KHR_robustness GL_KHR_texture_compression_astc_ldr GL_NV_shader_atomic_float GL_AMD_pinned_memory GL_ARB_buffer_storage GL_ARB_clear_texture GL_ARB_enhanced_layouts GL_ARB_indirect_parameters GL_ARB_internalformat_query2 GL_ARB_multi_bind GL_ARB_query_buffer_object GL_ARB_seamless_cubemap_per_texture GL_ARB_shader_draw_parameters GL_ARB_shader_group_vote GL_ARB_shading_language_include GL_ARB_texture_mirror_clamp_to_edge GL_ARB_texture_stencil8 GL_ARB_vertex_type_10f_11f_11f_rev GL_EXT_debug_label GL_EXT_shader_framebuffer_fetch GL_EXT_shader_integer_mix GL_NVX_gpu_memory_info GL_ARB_ES3_1_compatibility GL_ARB_clip_control GL_ARB_conditional_render_inverted GL_ARB_cull_distance GL_ARB_derivative_control GL_ARB_direct_state_access GL_ARB_get_texture_sub_image GL_ARB_pipeline_statistics_query GL_ARB_shader_texture_image_samples GL_ARB_texture_barrier GL_ARB_transform_feedback_overflow_query GL_ARM_shader_framebuffer_fetch_depth_stencil GL_EXT_polygon_offset_clamp GL_EXT_shader_image_load_formatted GL_KHR_blend_equation_advanced GL_KHR_blend_equation_advanced_coherent GL_KHR_context_flush_control GL_KHR_robust_buffer_access_behavior GL_ARB_ES3_2_compatibility GL_ARB_gpu_shader_int64 GL_ARB_parallel_shader_compile GL_ARB_post_depth_coverage GL_ARB_shader_atomic_counter_ops GL_ARB_shader_ballot GL_ARB_shader_clock GL_ARB_shader_viewport_layer_array GL_ARB_texture_filter_minmax GL_EXT_texture_filter_minmax GL_EXT_texture_sRGB_R8 GL_EXT_texture_sRGB_RG8 GL_KHR_no_error GL_KHR_texture_compression_astc_sliced_3d GL_ARB_gl_spirv GL_ARB_spirv_extensions GL_MESA_shader_integer_functions GL_ARB_polygon_offset_clamp GL_ARB_texture_filter_anisotropic GL_EXT_memory_object GL_EXT_memory_object_fd GL_KHR_parallel_shader_compile GL_EXT_EGL_image_storage GL_EXT_shader_framebuffer_fetch_non_coherent GL_EXT_texture_shadow_lod GL_INTEL_shader_atomic_float_minmax GL_MESA_framebuffer_flip_y GL_EXT_EGL_sync GL_EXT_EGL_image_storage_compression GL_NV_ES1_1_compatibility 
22:31:29: ***************************
22:31:29: *** GL Renderer Started ***
22:31:29: ***************************
22:31:29: Registering ResourceManager for type GpuProgram
22:31:29: GLSL support detected
22:31:29: GL: Using GL_EXT_framebuffer_object for rendering to textures (best)
22:31:29: FBO PF_UNKNOWN depth/stencil support: D0S1 D0S4 D0S8 D0S16 D16S0 D24S0 D32S0 Packed-D24S8
22:31:29: FBO PF_L8 depth/stencil support: D0S0 D0S1 D0S4 D0S8 D0S16 D16S0 D24S0 D32S0 Packed-D24S8
22:31:29: FBO PF_L16 depth/stencil support: D0S0 D0S1 D0S4 D0S8 D0S16 D16S0 D24S0 D32S0 Packed-D24S8
22:31:29: FBO PF_A8 depth/stencil support: D0S0 D0S1 D0S4 D0S8 D0S16 D16S0 D24S0 D32S0 Packed-D24S8
22:31:29: FBO PF_BYTE_LA depth/stencil support: D0S0 D0S1 D0S4 D0S8 D0S16 D16S0 D24S0 D32S0 Packed-D24S8
22:31:29: FBO PF_R5G6B5 depth/stencil support: D0S0 D0S1 D0S4 D0S8 D0S16 D16S0 D24S0 D32S0 Packed-D24S8
22:31:29: FBO PF_A4R4G4B4 depth/stencil support: D0S0 D0S1 D0S4 D0S8 D0S16 D16S0 D24S0 D32S0 Packed-D24S8
22:31:29: FBO PF_A1R5G5B5 depth/stencil support: D0S0 D0S1 D0S4 D0S8 D0S16 D16S0 D24S0 D32S0 Packed-D24S8
22:31:29: FBO PF_R8G8B8 depth/stencil support: D0S0 D0S1 D0S4 D0S8 D0S16 D16S0 D24S0 D32S0 Packed-D24S8
22:31:29: FBO PF_B8G8R8 depth/stencil support: D0S0 D0S1 D0S4 D0S8 D0S16 D16S0 D24S0 D32S0 Packed-D24S8
22:31:29: FBO PF_A8R8G8B8 depth/stencil support: D0S0 D0S1 D0S4 D0S8 D0S16 D16S0 D24S0 D32S0 Packed-D24S8
22:31:29: FBO PF_A8B8G8R8 depth/stencil support: D0S0 D0S1 D0S4 D0S8 D0S16 D16S0 D24S0 D32S0 Packed-D24S8
22:31:29: FBO PF_B8G8R8A8 depth/stencil support: D0S0 D0S1 D0S4 D0S8 D0S16 D16S0 D24S0 D32S0 Packed-D24S8
22:31:29: FBO PF_FLOAT16_RGB depth/stencil support: D0S0 D0S1 D0S4 D0S8 D0S16 D16S0 D24S0 D32S0 Packed-D24S8
22:31:29: FBO PF_FLOAT16_RGBA depth/stencil support: D0S0 D0S1 D0S4 D0S8 D0S16 D16S0 D24S0 D32S0 Packed-D24S8
22:31:29: FBO PF_FLOAT32_RGB depth/stencil support: D0S0 D0S1 D0S4 D0S8 D0S16 D16S0 D24S0 D32S0 Packed-D24S8
22:31:29: FBO PF_FLOAT32_RGBA depth/stencil support: D0S0 D0S1 D0S4 D0S8 D0S16 D16S0 D24S0 D32S0 Packed-D24S8
22:31:29: FBO PF_X8R8G8B8 depth/stencil support: D0S0 D0S1 D0S4 D0S8 D0S16 D16S0 D24S0 D32S0 Packed-D24S8
22:31:29: FBO PF_X8B8G8R8 depth/stencil support: D0S0 D0S1 D0S4 D0S8 D0S16 D16S0 D24S0 D32S0 Packed-D24S8
22:31:29: FBO PF_R8G8B8A8 depth/stencil support: D0S0 D0S1 D0S4 D0S8 D0S16 D16S0 D24S0 D32S0 Packed-D24S8
22:31:29: FBO PF_DEPTH16 depth/stencil support: D0S0 D0S1 D0S4 D0S8 D0S16 D16S0 D24S0 D32S0 Packed-D24S8
22:31:29: FBO PF_SHORT_RGBA depth/stencil support: D0S0 D0S1 D0S4 D0S8 D0S16 D16S0 D24S0 D32S0 Packed-D24S8
22:31:29: FBO PF_R3G3B2 depth/stencil support: D0S0 D0S1 D0S4 D0S8 D0S16 D16S0 D24S0 D32S0 Packed-D24S8
22:31:29: FBO PF_FLOAT16_R depth/stencil support: D0S0 D0S1 D0S4 D0S8 D0S16 D16S0 D24S0 D32S0 Packed-D24S8
22:31:29: FBO PF_FLOAT32_R depth/stencil support: D0S0 D0S1 D0S4 D0S8 D0S16 D16S0 D24S0 D32S0 Packed-D24S8
22:31:29: FBO PF_SHORT_GR depth/stencil support: D0S0 D0S1 D0S4 D0S8 D0S16 D16S0 D24S0 D32S0 Packed-D24S8
22:31:29: FBO PF_FLOAT16_GR depth/stencil support: D0S0 D0S1 D0S4 D0S8 D0S16 D16S0 D24S0 D32S0 Packed-D24S8
22:31:29: FBO PF_FLOAT32_GR depth/stencil support: D0S0 D0S1 D0S4 D0S8 D0S16 D16S0 D24S0 D32S0 Packed-D24S8
22:31:29: FBO PF_SHORT_RGB depth/stencil support: D0S0 D0S1 D0S4 D0S8 D0S16 D16S0 D24S0 D32S0 Packed-D24S8
22:31:29: [GL] : Valid FBO targets PF_UNKNOWN PF_L8 PF_L16 PF_A8 PF_BYTE_LA PF_R5G6B5 PF_A4R4G4B4 PF_A1R5G5B5 PF_R8G8B8 PF_B8G8R8 PF_A8R8G8B8 PF_A8B8G8R8 PF_B8G8R8A8 PF_FLOAT16_RGB PF_FLOAT16_RGBA PF_FLOAT32_RGB PF_FLOAT32_RGBA PF_X8R8G8B8 PF_X8B8G8R8 PF_R8G8B8A8 PF_DEPTH16 PF_SHORT_RGBA PF_R3G3B2 PF_FLOAT16_R PF_FLOAT32_R PF_SHORT_GR PF_FLOAT16_GR PF_FLOAT32_GR PF_SHORT_RGB 
22:31:29: Using FSAA from GL_ARB_multisample extension.
22:31:29: RenderSystem capabilities
22:31:29: -------------------------
22:31:29: RenderSystem Name: OpenGL Rendering Subsystem
22:31:29: GPU Vendor: unknown
22:31:29: Device Name: llvmpipe (LLVM 19.1.1, 256 bits)
22:31:29: Driver Version: 4.5.0.0
22:31:29:  * Fixed function pipeline: yes
22:31:29:  * 32-bit index buffers: yes
22:31:29:  * Hardware stencil buffer: yes
22:31:29:    - Stencil depth: 8
22:31:29:    - Two sided stencil support: yes
22:31:29:    - Wrap stencil values: yes
22:31:29:  * Vertex programs: yes
22:31:29:    - Number of floating-point constants: 2048
22:31:29:    - Number of integer constants: 0
22:31:29:    - Number of boolean constants: 0
22:31:29:  * Fragment programs: yes
22:31:29:    - Number of floating-point constants: 2048
22:31:29:    - Number of integer constants: 0
22:31:29:    - Number of boolean constants: 0
22:31:29:  * Geometry programs: no
22:31:29:  * Tessellation Hull programs: no
22:31:29:  * Tessellation Domain programs: no
22:31:29:  * Compute programs: no
22:31:29:  * Supported Shader Profiles: arbfp1 arbvp1 glsl glsl100 glsl110 glsl120 ps_1_1 ps_1_2 ps_1_3 ps_1_4
22:31:29:  * Read-back compiled shader: yes
22:31:29:  * Number of vertex attributes: 16
22:31:29:  * Textures
22:31:29:    - Number of texture units: 16
22:31:29:    - Floating point: yes
22:31:29:    - Non-power-of-two: yes
22:31:29:    - 1D textures: yes
22:31:29:    - 2D array textures: yes
22:31:29:    - 3D textures: yes
22:31:29:    - Anisotropic filtering: yes
22:31:29:  * Texture Compression: yes
22:31:29:    - DXT: yes
22:31:29:    - VTC: no
22:31:29:    - PVRTC: no
22:31:29:    - ATC: no
22:31:29:    - ETC1: no
22:31:29:    - ETC2: no
22:31:29:    - BC4/BC5: no
22:31:29:    - BC6H/BC7: no
22:31:29:    - ASTC: no
22:31:29:    - Mipmaps for compressed formats: yes
22:31:29:  * Vertex Buffers
22:31:29:    - VET_UBYTE4 element type: yes
22:31:29:    - Render to Vertex Buffer: no
22:31:29:    - Instance Data: yes
22:31:29:    - Primitive Restart: no
22:31:29:  * Vertex texture fetch: yes
22:31:29:    - Max vertex textures: 32
22:31:29:    - Vertex textures shared: yes
22:31:29:  * Read/Write Buffers: no
22:31:29:  * Hardware Occlusion Query: yes
22:31:29:  * User clip planes: yes
22:31:29:  * Infinite far plane projection: yes
22:31:29:  * Depth clamping: no
22:31:29:  * Hardware render-to-texture: yes
22:31:29:    - Multiple Render Targets: 8
22:31:29:    - With different bit depths: yes
22:31:29:  * Point Sprites: yes
22:31:29:    - Extended parameters: yes
22:31:29:    - Max Size: 255
22:31:29:  * Wide Lines: yes
22:31:29:  * Hardware Gamma: yes
22:31:29:  * PBuffer support: yes
22:31:29:  * Vertex Array Objects: no
22:31:29:  * Separate shader objects: no
22:31:29:    - redeclare GLSL interface block: no
22:31:29:  * Debugging/ profiling events: no
22:31:29:  * Map buffer storage: yes
22:31:29: DefaultWorkQueue('Root') initialising on thread main.
22:31:29: Particle Renderer Type 'billboard' registered
22:31:29: Creating resource group rviz_rendering
22:31:29: Added resource location '/opt/ros/jazzy/share/rviz_rendering/ogre_media' of type 'FileSystem' to resource group 'rviz_rendering'
22:31:29: Added resource location '/opt/ros/jazzy/share/rviz_rendering/ogre_media/textures' of type 'FileSystem' to resource group 'rviz_rendering'
22:31:29: Added resource location '/opt/ros/jazzy/share/rviz_rendering/ogre_media/fonts' of type 'FileSystem' to resource group 'rviz_rendering'
22:31:29: Added resource location '/opt/ros/jazzy/share/rviz_rendering/ogre_media/fonts/liberation-sans' of type 'FileSystem' to resource group 'rviz_rendering'
22:31:29: Added resource location '/opt/ros/jazzy/share/rviz_rendering/ogre_media/models' of type 'FileSystem' to resource group 'rviz_rendering'
22:31:29: Added resource location '/opt/ros/jazzy/share/rviz_rendering/ogre_media/materials' of type 'FileSystem' to resource group 'rviz_rendering'
22:31:29: Added resource location '/opt/ros/jazzy/share/rviz_rendering/ogre_media/materials/scripts' of type 'FileSystem' to resource group 'rviz_rendering'
22:31:29: Added resource location '/opt/ros/jazzy/share/rviz_rendering/ogre_media/materials/glsl120' of type 'FileSystem' to resource group 'rviz_rendering'
22:31:29: Added resource location '/opt/ros/jazzy/share/rviz_rendering/ogre_media/materials/glsl120/include' of type 'FileSystem' to resource group 'rviz_rendering'
22:31:29: Added resource location '/opt/ros/jazzy/share/rviz_rendering/ogre_media/materials/glsl120/nogp' of type 'FileSystem' to resource group 'rviz_rendering'
22:31:29: Added resource location '/opt/ros/jazzy/share/rviz_rendering/ogre_media/materials/scripts120' of type 'FileSystem' to resource group 'rviz_rendering'
22:31:29: Parsing scripts for resource group General
22:31:29: Finished parsing scripts for resource group General
22:31:29: Creating resources for group General
22:31:29: All done
22:31:29: Parsing scripts for resource group OgreAutodetect
22:31:29: Finished parsing scripts for resource group OgreAutodetect
22:31:29: Creating resources for group OgreAutodetect
22:31:29: All done
22:31:29: Parsing scripts for resource group OgreInternal
22:31:29: Finished parsing scripts for resource group OgreInternal
22:31:29: Creating resources for group OgreInternal
22:31:29: All done
22:31:29: Parsing scripts for resource group rviz_rendering
22:31:29: Parsing script glsl120.program
22:31:29: Warning: ScriptCompiler - deprecated symbol in glsl120.program(13): attach. Use the #include directive instead
22:31:29: Warning: ScriptCompiler - deprecated symbol in glsl120.program(14): attach. Use the #include directive instead
22:31:29: Warning: ScriptCompiler - deprecated symbol in glsl120.program(26): attach. Use the #include directive instead
22:31:29: Warning: ScriptCompiler - deprecated symbol in glsl120.program(39): attach. Use the #include directive instead
22:31:29: Warning: ScriptCompiler - deprecated symbol in glsl120.program(61): attach. Use the #include directive instead
22:31:29: Warning: ScriptCompiler - deprecated symbol in glsl120.program(87): attach. Use the #include directive instead
22:31:29: Warning: ScriptCompiler - deprecated symbol in glsl120.program(100): attach. Use the #include directive instead
22:31:29: Warning: ScriptCompiler - deprecated symbol in glsl120.program(136): attach. Use the #include directive instead
22:31:29: Parsing script nogp.program
22:31:29: Warning: ScriptCompiler - deprecated symbol in nogp.program(24): attach. Use the #include directive instead
22:31:29: Warning: ScriptCompiler - deprecated symbol in nogp.program(50): attach. Use the #include directive instead
22:31:29: Warning: ScriptCompiler - deprecated symbol in nogp.program(74): attach. Use the #include directive instead
22:31:29: Parsing script indexed_8bit_image.material
22:31:29: Parsing script point_cloud_tile.material
22:31:29: Parsing script point_cloud_point.material
22:31:29: Parsing script default_pick_and_depth.material
22:31:29: Parsing script point_cloud_flat_square.material
22:31:29: Parsing script point_cloud_sphere.material
22:31:29: Parsing script point_cloud_box.material
22:31:29: Parsing script point_cloud_square.material
22:31:29: Parsing script liberation_sans.fontdef
22:31:29: Finished parsing scripts for resource group rviz_rendering
22:31:29: Creating resources for group rviz_rendering
22:31:29: All done
22:31:29: RenderSystem::_createRenderWindow "OgreWindow(1)", 100x30 windowed  miscParams: FSAA=4 contentScalingFactor=1.000000 currentGLContext=false externalWindowHandle=18874386 left=0 parentWindowHandle=18874386 top=0 
22:31:29: GLXWindow::create colourBufferSize=32 gamma=0 FSAA=4
22:31:29: GLXWindow::create used FBConfigID = 285
22:31:29: Mesh: Loading rviz_sphere.mesh.
22:31:29: Texture 'SelectionRect0Texture': Loading 1 faces(PF_R8G8B8A8,1x1x1) Internal format is PF_R8G8B8A8,1x1x1.
22:31:29: Using FSAA from GL_ARB_multisample extension.
22:31:29: Warning: Material package://ur_description/meshes/ur5e/visual/base.daeMaterial0 was requested with isManual=true, but this is not applicable for materials; the flag has been reset to false
22:31:29: Warning: Material package://ur_description/meshes/ur5e/visual/base.daeMaterial1 was requested with isManual=true, but this is not applicable for materials; the flag has been reset to false
22:31:29: Mesh: Loading rviz_cube.mesh.
22:31:29: Warning: Material package://ur_description/meshes/ur5e/visual/forearm.daeMaterial0 was requested with isManual=true, but this is not applicable for materials; the flag has been reset to false
22:31:29: Warning: Material package://ur_description/meshes/ur5e/visual/forearm.daeMaterial1 was requested with isManual=true, but this is not applicable for materials; the flag has been reset to false
22:31:29: Warning: Material package://ur_description/meshes/ur5e/visual/forearm.daeMaterial2 was requested with isManual=true, but this is not applicable for materials; the flag has been reset to false
22:31:29: Warning: Material package://ur_description/meshes/ur5e/visual/forearm.daeMaterial3 was requested with isManual=true, but this is not applicable for materials; the flag has been reset to false
22:31:29: Warning: Material package://ur_description/meshes/ur5e/visual/shoulder.daeMaterial0 was requested with isManual=true, but this is not applicable for materials; the flag has been reset to false
22:31:29: Warning: Material package://ur_description/meshes/ur5e/visual/shoulder.daeMaterial1 was requested with isManual=true, but this is not applicable for materials; the flag has been reset to false
22:31:29: Warning: Material package://ur_description/meshes/ur5e/visual/shoulder.daeMaterial2 was requested with isManual=true, but this is not applicable for materials; the flag has been reset to false
22:31:30: Warning: Material package://ur_description/meshes/ur5e/visual/upperarm.daeMaterial0 was requested with isManual=true, but this is not applicable for materials; the flag has been reset to false
22:31:30: Warning: Material package://ur_description/meshes/ur5e/visual/upperarm.daeMaterial1 was requested with isManual=true, but this is not applicable for materials; the flag has been reset to false
22:31:30: Warning: Material package://ur_description/meshes/ur5e/visual/upperarm.daeMaterial2 was requested with isManual=true, but this is not applicable for materials; the flag has been reset to false
22:31:30: Warning: Material package://ur_description/meshes/ur5e/visual/upperarm.daeMaterial3 was requested with isManual=true, but this is not applicable for materials; the flag has been reset to false
22:31:30: Warning: Material package://ur_description/meshes/ur5e/visual/wrist1.daeMaterial0 was requested with isManual=true, but this is not applicable for materials; the flag has been reset to false
22:31:30: Warning: Material package://ur_description/meshes/ur5e/visual/wrist1.daeMaterial1 was requested with isManual=true, but this is not applicable for materials; the flag has been reset to false
22:31:30: Warning: Material package://ur_description/meshes/ur5e/visual/wrist1.daeMaterial2 was requested with isManual=true, but this is not applicable for materials; the flag has been reset to false
22:31:30: Warning: Material package://ur_description/meshes/ur5e/visual/wrist2.daeMaterial0 was requested with isManual=true, but this is not applicable for materials; the flag has been reset to false
22:31:30: Warning: Material package://ur_description/meshes/ur5e/visual/wrist2.daeMaterial1 was requested with isManual=true, but this is not applicable for materials; the flag has been reset to false
22:31:30: Warning: Material package://ur_description/meshes/ur5e/visual/wrist2.daeMaterial2 was requested with isManual=true, but this is not applicable for materials; the flag has been reset to false
22:31:30: Warning: Material package://ur_description/meshes/ur5e/visual/wrist3.daeMaterial0 was requested with isManual=true, but this is not applicable for materials; the flag has been reset to false
22:31:33: Can't assign material Shape20Material to the ManualObject MeshShape_ManualObject0 because this Material does not exist in group General. Have you forgotten to define it in a .material script?
22:31:33: Can't assign material Shape21Material to the ManualObject MeshShape_ManualObject1 because this Material does not exist in group General. Have you forgotten to define it in a .material script?
22:31:33: Can't assign material Shape22Material to the ManualObject MeshShape_ManualObject2 because this Material does not exist in group General. Have you forgotten to define it in a .material script?
22:31:33: Can't assign material Shape23Material to the ManualObject MeshShape_ManualObject3 because this Material does not exist in group General. Have you forgotten to define it in a .material script?
22:31:33: Can't assign material Shape24Material to the ManualObject MeshShape_ManualObject4 because this Material does not exist in group General. Have you forgotten to define it in a .material script?
22:31:33: Can't assign material Shape25Material to the ManualObject MeshShape_ManualObject5 because this Material does not exist in group General. Have you forgotten to define it in a .material script?
22:31:34: Can't assign material Shape26Material to the ManualObject MeshShape_ManualObject6 because this Material does not exist in group General. Have you forgotten to define it in a .material script?
22:31:34: Can't assign material Shape27Material to the ManualObject MeshShape_ManualObject7 because this Material does not exist in group General. Have you forgotten to define it in a .material script?
22:31:34: Can't assign material Shape28Material to the ManualObject MeshShape_ManualObject8 because this Material does not exist in group General. Have you forgotten to define it in a .material script?
22:31:34: Can't assign material Shape29Material to the ManualObject MeshShape_ManualObject9 because this Material does not exist in group General. Have you forgotten to define it in a .material script?
22:31:34: Can't assign material Shape30Material to the ManualObject MeshShape_ManualObject10 because this Material does not exist in group General. Have you forgotten to define it in a .material script?
22:31:34: Can't assign material Shape31Material to the ManualObject MeshShape_ManualObject11 because this Material does not exist in group General. Have you forgotten to define it in a .material script?
22:31:35: Can't assign material Shape32Material to the ManualObject MeshShape_ManualObject12 because this Material does not exist in group General. Have you forgotten to define it in a .material script?
22:31:35: Can't assign material Shape33Material to the ManualObject MeshShape_ManualObject13 because this Material does not exist in group General. Have you forgotten to define it in a .material script?
22:31:35: Can't assign material Shape34Material to the ManualObject MeshShape_ManualObject14 because this Material does not exist in group General. Have you forgotten to define it in a .material script?
22:31:35: Can't assign material Shape35Material to the ManualObject MeshShape_ManualObject15 because this Material does not exist in group General. Have you forgotten to define it in a .material script?
22:31:35: Can't assign material Shape36Material to the ManualObject MeshShape_ManualObject16 because this Material does not exist in group General. Have you forgotten to define it in a .material script?
22:31:35: Can't assign material Shape37Material to the ManualObject MeshShape_ManualObject17 because this Material does not exist in group General. Have you forgotten to define it in a .material script?
22:31:36: Can't assign material Shape38Material to the ManualObject MeshShape_ManualObject18 because this Material does not exist in group General. Have you forgotten to define it in a .material script?
22:31:36: Can't assign material Shape39Material to the ManualObject MeshShape_ManualObject19 because this Material does not exist in group General. Have you forgotten to define it in a .material script?
22:31:36: Can't assign material Shape40Material to the ManualObject MeshShape_ManualObject20 because this Material does not exist in group General. Have you forgotten to define it in a .material script?
22:31:37: Can't assign material Shape41Material to the ManualObject MeshShape_ManualObject21 because this Material does not exist in group General. Have you forgotten to define it in a .material script?
22:31:37: Can't assign material Shape42Material to the ManualObject MeshShape_ManualObject22 because this Material does not exist in group General. Have you forgotten to define it in a .material script?
22:31:37: Can't assign material Shape43Material to the ManualObject MeshShape_ManualObject23 because this Material does not exist in group General. Have you forgotten to define it in a .material script?
22:31:38: Can't assign material Shape44Material to the ManualObject MeshShape_ManualObject24 because this Material does not exist in group General. Have you forgotten to define it in a .material script?
22:31:38: Can't assign material Shape45Material to the ManualObject MeshShape_ManualObject25 because this Material does not exist in group General. Have you forgotten to define it in a .material script?
22:31:38: Can't assign material Shape46Material to the ManualObject MeshShape_ManualObject26 because this Material does not exist in group General. Have you forgotten to define it in a .material script?
22:31:38: Can't assign material Shape47Material to the ManualObject MeshShape_ManualObject27 because this Material does not exist in group General. Have you forgotten to define it in a .material script?
22:31:38: Can't assign material Shape48Material to the ManualObject MeshShape_ManualObject28 because this Material does not exist in group General. Have you forgotten to define it in a .material script?
22:31:38: Can't assign material Shape49Material to the ManualObject MeshShape_ManualObject29 because this Material does not exist in group General. Have you forgotten to define it in a .material script?
22:31:38: Can't assign material Shape50Material to the ManualObject MeshShape_ManualObject30 because this Material does not exist in group General. Have you forgotten to define it in a .material script?
22:31:38: Can't assign material Shape51Material to the ManualObject MeshShape_ManualObject31 because this Material does not exist in group General. Have you forgotten to define it in a .material script?
22:31:38: Can't assign material Shape52Material to the ManualObject MeshShape_ManualObject32 because this Material does not exist in group General. Have you forgotten to define it in a .material script?
22:31:38: Can't assign material Shape53Material to the ManualObject MeshShape_ManualObject33 because this Material does not exist in group General. Have you forgotten to define it in a .material script?
22:31:38: Can't assign material Shape54Material to the ManualObject MeshShape_ManualObject34 because this Material does not exist in group General. Have you forgotten to define it in a .material script?
22:31:38: Can't assign material Shape55Material to the ManualObject MeshShape_ManualObject35 because this Material does not exist in group General. Have you forgotten to define it in a .material script?
22:31:38: Can't assign material Shape56Material to the ManualObject MeshShape_ManualObject36 because this Material does not exist in group General. Have you forgotten to define it in a .material script?
22:31:38: Can't assign material Shape57Material to the ManualObject MeshShape_ManualObject37 because this Material does not exist in group General. Have you forgotten to define it in a .material script?
22:31:38: Can't assign material Shape58Material to the ManualObject MeshShape_ManualObject38 because this Material does not exist in group General. Have you forgotten to define it in a .material script?
22:31:39: Can't assign material Shape59Material to the ManualObject MeshShape_ManualObject39 because this Material does not exist in group General. Have you forgotten to define it in a .material script?
22:31:39: Can't assign material Shape60Material to the ManualObject MeshShape_ManualObject40 because this Material does not exist in group General. Have you forgotten to define it in a .material script?
22:31:39: Can't assign material Shape61Material to the ManualObject MeshShape_ManualObject41 because this Material does not exist in group General. Have you forgotten to define it in a .material script?
22:31:39: Can't assign material Shape62Material to the ManualObject MeshShape_ManualObject42 because this Material does not exist in group General. Have you forgotten to define it in a .material script?
22:31:39: Can't assign material Shape63Material to the ManualObject MeshShape_ManualObject43 because this Material does not exist in group General. Have you forgotten to define it in a .material script?
22:31:39: Can't assign material Shape64Material to the ManualObject MeshShape_ManualObject44 because this Material does not exist in group General. Have you forgotten to define it in a .material script?
22:31:39: Can't assign material Shape65Material to the ManualObject MeshShape_ManualObject45 because this Material does not exist in group General. Have you forgotten to define it in a .material script?
22:31:39: Can't assign material Shape66Material to the ManualObject MeshShape_ManualObject46 because this Material does not exist in group General. Have you forgotten to define it in a .material script?
22:31:39: Can't assign material Shape67Material to the ManualObject MeshShape_ManualObject47 because this Material does not exist in group General. Have you forgotten to define it in a .material script?
22:31:39: Can't assign material Shape68Material to the ManualObject MeshShape_ManualObject48 because this Material does not exist in group General. Have you forgotten to define it in a .material script?
22:31:39: Can't assign material Shape69Material to the ManualObject MeshShape_ManualObject49 because this Material does not exist in group General. Have you forgotten to define it in a .material script?
22:31:39: Can't assign material Shape70Material to the ManualObject MeshShape_ManualObject50 because this Material does not exist in group General. Have you forgotten to define it in a .material script?
22:31:40: Can't assign material Shape71Material to the ManualObject MeshShape_ManualObject51 because this Material does not exist in group General. Have you forgotten to define it in a .material script?
22:31:40: Can't assign material Shape72Material to the ManualObject MeshShape_ManualObject52 because this Material does not exist in group General. Have you forgotten to define it in a .material script?
22:31:40: Can't assign material Shape73Material to the ManualObject MeshShape_ManualObject53 because this Material does not exist in group General. Have you forgotten to define it in a .material script?
22:31:40: Can't assign material Shape74Material to the ManualObject MeshShape_ManualObject54 because this Material does not exist in group General. Have you forgotten to define it in a .material script?
22:31:40: Can't assign material Shape75Material to the ManualObject MeshShape_ManualObject55 because this Material does not exist in group General. Have you forgotten to define it in a .material script?
22:31:40: Can't assign material Shape76Material to the ManualObject MeshShape_ManualObject56 because this Material does not exist in group General. Have you forgotten to define it in a .material script?
22:31:40: Can't assign material Shape77Material to the ManualObject MeshShape_ManualObject57 because this Material does not exist in group General. Have you forgotten to define it in a .material script?
22:31:40: Can't assign material Shape78Material to the ManualObject MeshShape_ManualObject58 because this Material does not exist in group General. Have you forgotten to define it in a .material script?
22:31:40: Can't assign material Shape79Material to the ManualObject MeshShape_ManualObject59 because this Material does not exist in group General. Have you forgotten to define it in a .material script?
22:31:40: Can't assign material Shape80Material to the ManualObject MeshShape_ManualObject60 because this Material does not exist in group General. Have you forgotten to define it in a .material script?
22:31:40: Can't assign material Shape81Material to the ManualObject MeshShape_ManualObject61 because this Material does not exist in group General. Have you forgotten to define it in a .material script?
22:31:40: Can't assign material Shape82Material to the ManualObject MeshShape_ManualObject62 because this Material does not exist in group General. Have you forgotten to define it in a .material script?
22:31:41: Can't assign material Shape83Material to the ManualObject MeshShape_ManualObject63 because this Material does not exist in group General. Have you forgotten to define it in a .material script?
22:31:41: Can't assign material Shape84Material to the ManualObject MeshShape_ManualObject64 because this Material does not exist in group General. Have you forgotten to define it in a .material script?
22:31:41: Can't assign material Shape85Material to the ManualObject MeshShape_ManualObject65 because this Material does not exist in group General. Have you forgotten to define it in a .material script?
22:31:41: Can't assign material Shape86Material to the ManualObject MeshShape_ManualObject66 because this Material does not exist in group General. Have you forgotten to define it in a .material script?
22:31:41: Can't assign material Shape87Material to the ManualObject MeshShape_ManualObject67 because this Material does not exist in group General. Have you forgotten to define it in a .material script?
22:31:41: Can't assign material Shape88Material to the ManualObject MeshShape_ManualObject68 because this Material does not exist in group General. Have you forgotten to define it in a .material script?
22:31:41: Can't assign material Shape89Material to the ManualObject MeshShape_ManualObject69 because this Material does not exist in group General. Have you forgotten to define it in a .material script?
22:31:41: Can't assign material Shape90Material to the ManualObject MeshShape_ManualObject70 because this Material does not exist in group General. Have you forgotten to define it in a .material script?
22:31:41: Can't assign material Shape91Material to the ManualObject MeshShape_ManualObject71 because this Material does not exist in group General. Have you forgotten to define it in a .material script?
22:31:42: Can't assign material Shape92Material to the ManualObject MeshShape_ManualObject72 because this Material does not exist in group General. Have you forgotten to define it in a .material script?
22:31:42: Can't assign material Shape93Material to the ManualObject MeshShape_ManualObject73 because this Material does not exist in group General. Have you forgotten to define it in a .material script?
22:31:42: Can't assign material Shape94Material to the ManualObject MeshShape_ManualObject74 because this Material does not exist in group General. Have you forgotten to define it in a .material script?
22:31:42: Can't assign material Shape95Material to the ManualObject MeshShape_ManualObject75 because this Material does not exist in group General. Have you forgotten to define it in a .material script?
22:31:42: Can't assign material Shape96Material to the ManualObject MeshShape_ManualObject76 because this Material does not exist in group General. Have you forgotten to define it in a .material script?
22:31:42: Can't assign material Shape97Material to the ManualObject MeshShape_ManualObject77 because this Material does not exist in group General. Have you forgotten to define it in a .material script?
22:31:42: Can't assign material Shape98Material to the ManualObject MeshShape_ManualObject78 because this Material does not exist in group General. Have you forgotten to define it in a .material script?
22:31:42: Can't assign material Shape99Material to the ManualObject MeshShape_ManualObject79 because this Material does not exist in group General. Have you forgotten to define it in a .material script?
22:31:42: Can't assign material Shape100Material to the ManualObject MeshShape_ManualObject80 because this Material does not exist in group General. Have you forgotten to define it in a .material script?
22:31:42: Can't assign material Shape101Material to the ManualObject MeshShape_ManualObject81 because this Material does not exist in group General. Have you forgotten to define it in a .material script?
22:31:42: Can't assign material Shape102Material to the ManualObject MeshShape_ManualObject82 because this Material does not exist in group General. Have you forgotten to define it in a .material script?
22:31:42: Can't assign material Shape103Material to the ManualObject MeshShape_ManualObject83 because this Material does not exist in group General. Have you forgotten to define it in a .material script?
22:31:42: Can't assign material Shape104Material to the ManualObject MeshShape_ManualObject84 because this Material does not exist in group General. Have you forgotten to define it in a .material script?
22:31:42: Can't assign material Shape105Material to the ManualObject MeshShape_ManualObject85 because this Material does not exist in group General. Have you forgotten to define it in a .material script?
22:31:42: Can't assign material Shape106Material to the ManualObject MeshShape_ManualObject86 because this Material does not exist in group General. Have you forgotten to define it in a .material script?
22:31:43: Can't assign material Shape107Material to the ManualObject MeshShape_ManualObject87 because this Material does not exist in group General. Have you forgotten to define it in a .material script?
22:31:43: Can't assign material Shape108Material to the ManualObject MeshShape_ManualObject88 because this Material does not exist in group General. Have you forgotten to define it in a .material script?
22:31:43: Can't assign material Shape109Material to the ManualObject MeshShape_ManualObject89 because this Material does not exist in group General. Have you forgotten to define it in a .material script?
22:31:43: Can't assign material Shape110Material to the ManualObject MeshShape_ManualObject90 because this Material does not exist in group General. Have you forgotten to define it in a .material script?
22:31:43: Can't assign material Shape111Material to the ManualObject MeshShape_ManualObject91 because this Material does not exist in group General. Have you forgotten to define it in a .material script?
22:31:43: Can't assign material Shape112Material to the ManualObject MeshShape_ManualObject92 because this Material does not exist in group General. Have you forgotten to define it in a .material script?
22:31:43: Can't assign material Shape113Material to the ManualObject MeshShape_ManualObject93 because this Material does not exist in group General. Have you forgotten to define it in a .material script?
22:31:43: Can't assign material Shape114Material to the ManualObject MeshShape_ManualObject94 because this Material does not exist in group General. Have you forgotten to define it in a .material script?
22:31:43: Can't assign material Shape115Material to the ManualObject MeshShape_ManualObject95 because this Material does not exist in group General. Have you forgotten to define it in a .material script?
22:31:44: Can't assign material Shape116Material to the ManualObject MeshShape_ManualObject96 because this Material does not exist in group General. Have you forgotten to define it in a .material script?
22:31:44: Can't assign material Shape117Material to the ManualObject MeshShape_ManualObject97 because this Material does not exist in group General. Have you forgotten to define it in a .material script?
22:31:44: Can't assign material Shape118Material to the ManualObject MeshShape_ManualObject98 because this Material does not exist in group General. Have you forgotten to define it in a .material script?
22:31:44: Can't assign material Shape119Material to the ManualObject MeshShape_ManualObject99 because this Material does not exist in group General. Have you forgotten to define it in a .material script?
22:31:44: Can't assign material Shape120Material to the ManualObject MeshShape_ManualObject100 because this Material does not exist in group General. Have you forgotten to define it in a .material script?
22:31:44: Can't assign material Shape121Material to the ManualObject MeshShape_ManualObject101 because this Material does not exist in group General. Have you forgotten to define it in a .material script?
22:31:44: Can't assign material Shape122Material to the ManualObject MeshShape_ManualObject102 because this Material does not exist in group General. Have you forgotten to define it in a .material script?
22:31:44: Can't assign material Shape123Material to the ManualObject MeshShape_ManualObject103 because this Material does not exist in group General. Have you forgotten to define it in a .material script?
22:31:44: Can't assign material Shape124Material to the ManualObject MeshShape_ManualObject104 because this Material does not exist in group General. Have you forgotten to define it in a .material script?
