running egg_info
creating build/tabletop/tabletop.egg-info
writing build/tabletop/tabletop.egg-info/PKG-INFO
writing dependency_links to build/tabletop/tabletop.egg-info/dependency_links.txt
writing entry points to build/tabletop/tabletop.egg-info/entry_points.txt
writing requirements to build/tabletop/tabletop.egg-info/requires.txt
writing top-level names to build/tabletop/tabletop.egg-info/top_level.txt
writing manifest file 'build/tabletop/tabletop.egg-info/SOURCES.txt'
reading manifest file 'build/tabletop/tabletop.egg-info/SOURCES.txt'
adding license file 'LICENSE'
writing manifest file 'build/tabletop/tabletop.egg-info/SOURCES.txt'
running build
running build_py
creating /root/ws/src/tabletop/build/tabletop/build
creating /root/ws/src/tabletop/build/tabletop/build/lib
creating /root/ws/src/tabletop/build/tabletop/build/lib/tabletop
copying tabletop/nodes.py -> /root/ws/src/tabletop/build/tabletop/build/lib/tabletop
copying tabletop/app.py -> /root/ws/src/tabletop/build/tabletop/build/lib/tabletop
copying tabletop/__init__.py -> /root/ws/src/tabletop/build/tabletop/build/lib/tabletop
copying tabletop/common.py -> /root/ws/src/tabletop/build/tabletop/build/lib/tabletop
creating /root/ws/src/tabletop/build/tabletop/build/lib/tabletop/trial_generators
copying tabletop/trial_generators/mock.py -> /root/ws/src/tabletop/build/tabletop/build/lib/tabletop/trial_generators
copying tabletop/trial_generators/base.py -> /root/ws/src/tabletop/build/tabletop/build/lib/tabletop/trial_generators
copying tabletop/trial_generators/__init__.py -> /root/ws/src/tabletop/build/tabletop/build/lib/tabletop/trial_generators
creating /root/ws/src/tabletop/build/tabletop/build/lib/tabletop/tasks
copying tabletop/tasks/base.py -> /root/ws/src/tabletop/build/tabletop/build/lib/tabletop/tasks
copying tabletop/tasks/__init__.py -> /root/ws/src/tabletop/build/tabletop/build/lib/tabletop/tasks
copying tabletop/tasks/button_search.py -> /root/ws/src/tabletop/build/tabletop/build/lib/tabletop/tasks
creating /root/ws/src/tabletop/build/tabletop/build/lib/tabletop/io
copying tabletop/io/base.py -> /root/ws/src/tabletop/build/tabletop/build/lib/tabletop/io
copying tabletop/io/smartglass.py -> /root/ws/src/tabletop/build/tabletop/build/lib/tabletop/io
copying tabletop/io/arm_door.py -> /root/ws/src/tabletop/build/tabletop/build/lib/tabletop/io
copying tabletop/io/hand_fixation.py -> /root/ws/src/tabletop/build/tabletop/build/lib/tabletop/io
copying tabletop/io/robot.py -> /root/ws/src/tabletop/build/tabletop/build/lib/tabletop/io
copying tabletop/io/juice_tube.py -> /root/ws/src/tabletop/build/tabletop/build/lib/tabletop/io
copying tabletop/io/__init__.py -> /root/ws/src/tabletop/build/tabletop/build/lib/tabletop/io
copying tabletop/io/eyelink.py -> /root/ws/src/tabletop/build/tabletop/build/lib/tabletop/io
copying tabletop/io/reward_button.py -> /root/ws/src/tabletop/build/tabletop/build/lib/tabletop/io
running install
running install_lib
creating /root/ws/src/tabletop/install/tabletop/lib/python3.12/site-packages/tabletop
copying /root/ws/src/tabletop/build/tabletop/build/lib/tabletop/nodes.py -> /root/ws/src/tabletop/install/tabletop/lib/python3.12/site-packages/tabletop
creating /root/ws/src/tabletop/install/tabletop/lib/python3.12/site-packages/tabletop/trial_generators
copying /root/ws/src/tabletop/build/tabletop/build/lib/tabletop/trial_generators/mock.py -> /root/ws/src/tabletop/install/tabletop/lib/python3.12/site-packages/tabletop/trial_generators
copying /root/ws/src/tabletop/build/tabletop/build/lib/tabletop/trial_generators/base.py -> /root/ws/src/tabletop/install/tabletop/lib/python3.12/site-packages/tabletop/trial_generators
copying /root/ws/src/tabletop/build/tabletop/build/lib/tabletop/trial_generators/__init__.py -> /root/ws/src/tabletop/install/tabletop/lib/python3.12/site-packages/tabletop/trial_generators
copying /root/ws/src/tabletop/build/tabletop/build/lib/tabletop/app.py -> /root/ws/src/tabletop/install/tabletop/lib/python3.12/site-packages/tabletop
creating /root/ws/src/tabletop/install/tabletop/lib/python3.12/site-packages/tabletop/tasks
copying /root/ws/src/tabletop/build/tabletop/build/lib/tabletop/tasks/base.py -> /root/ws/src/tabletop/install/tabletop/lib/python3.12/site-packages/tabletop/tasks
copying /root/ws/src/tabletop/build/tabletop/build/lib/tabletop/tasks/__init__.py -> /root/ws/src/tabletop/install/tabletop/lib/python3.12/site-packages/tabletop/tasks
copying /root/ws/src/tabletop/build/tabletop/build/lib/tabletop/tasks/button_search.py -> /root/ws/src/tabletop/install/tabletop/lib/python3.12/site-packages/tabletop/tasks
creating /root/ws/src/tabletop/install/tabletop/lib/python3.12/site-packages/tabletop/io
copying /root/ws/src/tabletop/build/tabletop/build/lib/tabletop/io/base.py -> /root/ws/src/tabletop/install/tabletop/lib/python3.12/site-packages/tabletop/io
copying /root/ws/src/tabletop/build/tabletop/build/lib/tabletop/io/smartglass.py -> /root/ws/src/tabletop/install/tabletop/lib/python3.12/site-packages/tabletop/io
copying /root/ws/src/tabletop/build/tabletop/build/lib/tabletop/io/arm_door.py -> /root/ws/src/tabletop/install/tabletop/lib/python3.12/site-packages/tabletop/io
copying /root/ws/src/tabletop/build/tabletop/build/lib/tabletop/io/hand_fixation.py -> /root/ws/src/tabletop/install/tabletop/lib/python3.12/site-packages/tabletop/io
copying /root/ws/src/tabletop/build/tabletop/build/lib/tabletop/io/robot.py -> /root/ws/src/tabletop/install/tabletop/lib/python3.12/site-packages/tabletop/io
copying /root/ws/src/tabletop/build/tabletop/build/lib/tabletop/io/juice_tube.py -> /root/ws/src/tabletop/install/tabletop/lib/python3.12/site-packages/tabletop/io
copying /root/ws/src/tabletop/build/tabletop/build/lib/tabletop/io/__init__.py -> /root/ws/src/tabletop/install/tabletop/lib/python3.12/site-packages/tabletop/io
copying /root/ws/src/tabletop/build/tabletop/build/lib/tabletop/io/eyelink.py -> /root/ws/src/tabletop/install/tabletop/lib/python3.12/site-packages/tabletop/io
copying /root/ws/src/tabletop/build/tabletop/build/lib/tabletop/io/reward_button.py -> /root/ws/src/tabletop/install/tabletop/lib/python3.12/site-packages/tabletop/io
copying /root/ws/src/tabletop/build/tabletop/build/lib/tabletop/__init__.py -> /root/ws/src/tabletop/install/tabletop/lib/python3.12/site-packages/tabletop
copying /root/ws/src/tabletop/build/tabletop/build/lib/tabletop/common.py -> /root/ws/src/tabletop/install/tabletop/lib/python3.12/site-packages/tabletop
byte-compiling /root/ws/src/tabletop/install/tabletop/lib/python3.12/site-packages/tabletop/nodes.py to nodes.cpython-312.pyc
byte-compiling /root/ws/src/tabletop/install/tabletop/lib/python3.12/site-packages/tabletop/trial_generators/mock.py to mock.cpython-312.pyc
byte-compiling /root/ws/src/tabletop/install/tabletop/lib/python3.12/site-packages/tabletop/trial_generators/base.py to base.cpython-312.pyc
byte-compiling /root/ws/src/tabletop/install/tabletop/lib/python3.12/site-packages/tabletop/trial_generators/__init__.py to __init__.cpython-312.pyc
byte-compiling /root/ws/src/tabletop/install/tabletop/lib/python3.12/site-packages/tabletop/app.py to app.cpython-312.pyc
byte-compiling /root/ws/src/tabletop/install/tabletop/lib/python3.12/site-packages/tabletop/tasks/base.py to base.cpython-312.pyc
byte-compiling /root/ws/src/tabletop/install/tabletop/lib/python3.12/site-packages/tabletop/tasks/__init__.py to __init__.cpython-312.pyc
byte-compiling /root/ws/src/tabletop/install/tabletop/lib/python3.12/site-packages/tabletop/tasks/button_search.py to button_search.cpython-312.pyc
byte-compiling /root/ws/src/tabletop/install/tabletop/lib/python3.12/site-packages/tabletop/io/base.py to base.cpython-312.pyc
byte-compiling /root/ws/src/tabletop/install/tabletop/lib/python3.12/site-packages/tabletop/io/smartglass.py to smartglass.cpython-312.pyc
byte-compiling /root/ws/src/tabletop/install/tabletop/lib/python3.12/site-packages/tabletop/io/arm_door.py to arm_door.cpython-312.pyc
byte-compiling /root/ws/src/tabletop/install/tabletop/lib/python3.12/site-packages/tabletop/io/hand_fixation.py to hand_fixation.cpython-312.pyc
byte-compiling /root/ws/src/tabletop/install/tabletop/lib/python3.12/site-packages/tabletop/io/robot.py to robot.cpython-312.pyc
byte-compiling /root/ws/src/tabletop/install/tabletop/lib/python3.12/site-packages/tabletop/io/juice_tube.py to juice_tube.cpython-312.pyc
byte-compiling /root/ws/src/tabletop/install/tabletop/lib/python3.12/site-packages/tabletop/io/__init__.py to __init__.cpython-312.pyc
byte-compiling /root/ws/src/tabletop/install/tabletop/lib/python3.12/site-packages/tabletop/io/eyelink.py to eyelink.cpython-312.pyc
byte-compiling /root/ws/src/tabletop/install/tabletop/lib/python3.12/site-packages/tabletop/io/reward_button.py to reward_button.cpython-312.pyc
byte-compiling /root/ws/src/tabletop/install/tabletop/lib/python3.12/site-packages/tabletop/__init__.py to __init__.cpython-312.pyc
byte-compiling /root/ws/src/tabletop/install/tabletop/lib/python3.12/site-packages/tabletop/common.py to common.cpython-312.pyc
running install_data
creating /root/ws/src/tabletop/install/tabletop/share/ament_index
creating /root/ws/src/tabletop/install/tabletop/share/ament_index/resource_index
creating /root/ws/src/tabletop/install/tabletop/share/ament_index/resource_index/packages
copying resource/tabletop -> /root/ws/src/tabletop/install/tabletop/share/ament_index/resource_index/packages
copying package.xml -> /root/ws/src/tabletop/install/tabletop/share/tabletop
creating /root/ws/src/tabletop/install/tabletop/share/tabletop/launch
copying launch/server_launch.py -> /root/ws/src/tabletop/install/tabletop/share/tabletop/launch
running install_egg_info
Copying build/tabletop/tabletop.egg-info to /root/ws/src/tabletop/install/tabletop/lib/python3.12/site-packages/tabletop-0.0.0-py3.12.egg-info
running install_scripts
Installing command script to /root/ws/src/tabletop/install/tabletop/lib/tabletop
Installing teensy script to /root/ws/src/tabletop/install/tabletop/lib/tabletop
writing list of installed files to '/root/ws/src/tabletop/build/tabletop/install.log'
